#
# There is insufficient memory for the Java Runtime Environment to continue.
# Native memory allocation (malloc) failed to allocate 65552 bytes for Chunk::new
# Possible reasons:
#   The system is out of physical RAM or swap space
#   The process is running with CompressedOops enabled, and the Java Heap may be blocking the growth of the native heap
# Possible solutions:
#   Reduce memory load on the system
#   Increase physical memory or swap space
#   Check if swap backing store is full
#   Decrease Java heap size (-Xmx/-Xms)
#   Decrease number of Java threads
#   Decrease Java thread stack sizes (-Xss)
#   Set larger code cache with -XX:ReservedCodeCacheSize=
#   JVM is running with Unscaled Compressed Oops mode in which the Java heap is
#     placed in the first 4GB address space. The Java Heap base address is the
#     maximum limit for the native heap growth. Please use -XX:HeapBaseMinAddress
#     to set the Java Heap base and to place the Java Heap above 4GB virtual address.
# This output file may be truncated or incomplete.
#
#  Out of Memory Error (arena.cpp:191), pid=20016, tid=15920
#
# JRE version: OpenJDK Runtime Environment Corretto-17.0.9.8.1 (17.0.9+8) (build 17.0.9+8-LTS)
# Java VM: OpenJDK 64-Bit Server VM Corretto-17.0.9.8.1 (17.0.9+8-LTS, mixed mode, sharing, tiered, compressed oops, compressed class ptrs, g1 gc, windows-amd64)
# No core dump will be written. Minidumps are not enabled by default on client versions of Windows
#

---------------  S U M M A R Y ------------

Command Line: -javaagent:C:\Program Files\JetBrains\IntelliJ IDEA Community Edition 2023.2.4\lib\idea_rt.jar=62321:C:\Program Files\JetBrains\IntelliJ IDEA Community Edition 2023.2.4\bin -Dfile.encoding=UTF-8 br.edu.fema.tccacademia.TccAcademiaApplication

Host: 11th Gen Intel(R) Core(TM) i5-1135G7 @ 2.40GHz, 8 cores, 7G,  Windows 11 , 64 bit Build 22621 (10.0.22621.3958)
Time: Thu Sep 26 22:22:01 2024 Hora oficial do Brasil elapsed time: 33525.956580 seconds (0d 9h 18m 45s)

---------------  T H R E A D  ---------------

Current thread (0x0000017e5cfabfe0):  JavaThread "C2 CompilerThread0" daemon [_thread_in_native, id=15920, stack(0x000000276e600000,0x000000276e700000)]


Current CompileTask:
C2:33525956 8906   !   4       org.apache.catalina.core.ContainerBase$ContainerBackgroundProcessor::processChildren (202 bytes)

Stack: [0x000000276e600000,0x000000276e700000]
Native frames: (J=compiled Java code, j=interpreted, Vv=VM code, C=native code)
V  [jvm.dll+0x67cb49]
V  [jvm.dll+0x8344da]
V  [jvm.dll+0x835f9e]
V  [jvm.dll+0x836603]
V  [jvm.dll+0x247b5f]
V  [jvm.dll+0xac43c]
V  [jvm.dll+0xaca8c]
V  [jvm.dll+0xac54b]
V  [jvm.dll+0x6a018f]
V  [jvm.dll+0x21b6d4]
V  [jvm.dll+0x219511]
V  [jvm.dll+0x1a56cd]
V  [jvm.dll+0x2293ee]
V  [jvm.dll+0x2275bc]
V  [jvm.dll+0x7e95a7]
V  [jvm.dll+0x7e396a]
V  [jvm.dll+0x67ba35]
C  [ucrtbase.dll+0x29333]
C  [KERNEL32.DLL+0x1257d]
C  [ntdll.dll+0x5af28]


---------------  P R O C E S S  ---------------

Threads class SMR info:
_java_thread_list=0x0000017ea45bc170, length=34, elements={
0x0000017e5cf8fe20, 0x0000017e5cf90f80, 0x0000017e5cfa4bf0, 0x0000017e5cfa54c0,
0x0000017e5cfa8a40, 0x0000017e5cfa9ba0, 0x0000017e5cfabfe0, 0x0000017e5cfaffc0,
0x0000017ea214c040, 0x0000017e5cf77ce0, 0x0000017ea24169c0, 0x0000017ea2416ea0,
0x0000017ea2c568a0, 0x0000017ea2c577d0, 0x0000017ea2c59630, 0x0000017ea2c572c0,
0x0000017ea2c59b40, 0x0000017ea5c8c4f0, 0x0000017ea5c8d930, 0x0000017ea5c8bfe0,
0x0000017ea5c8b5c0, 0x0000017ea5c915f0, 0x0000017ea5c8e350, 0x0000017ea5c8de40,
0x0000017ea5c8e860, 0x0000017ea5c91b00, 0x0000017ea5c8f790, 0x0000017ea5c8d420,
0x0000017ea5c8bad0, 0x0000017ea5c90bd0, 0x0000017ea5c92010, 0x0000017ea5c92520,
0x0000017ea5c8f280, 0x0000017ea5c901b0
}

Java Threads: ( => current thread )
  0x0000017e5cf8fe20 JavaThread "Reference Handler" daemon [_thread_blocked, id=19448, stack(0x000000276e000000,0x000000276e100000)]
  0x0000017e5cf90f80 JavaThread "Finalizer" daemon [_thread_blocked, id=23604, stack(0x000000276e100000,0x000000276e200000)]
  0x0000017e5cfa4bf0 JavaThread "Signal Dispatcher" daemon [_thread_blocked, id=33184, stack(0x000000276e200000,0x000000276e300000)]
  0x0000017e5cfa54c0 JavaThread "Attach Listener" daemon [_thread_blocked, id=9060, stack(0x000000276e300000,0x000000276e400000)]
  0x0000017e5cfa8a40 JavaThread "Service Thread" daemon [_thread_blocked, id=25236, stack(0x000000276e400000,0x000000276e500000)]
  0x0000017e5cfa9ba0 JavaThread "Monitor Deflation Thread" daemon [_thread_blocked, id=8956, stack(0x000000276e500000,0x000000276e600000)]
=>0x0000017e5cfabfe0 JavaThread "C2 CompilerThread0" daemon [_thread_in_native, id=15920, stack(0x000000276e600000,0x000000276e700000)]
  0x0000017e5cfaffc0 JavaThread "C1 CompilerThread0" daemon [_thread_blocked, id=8196, stack(0x000000276e700000,0x000000276e800000)]
  0x0000017ea214c040 JavaThread "Sweeper thread" daemon [_thread_blocked, id=5860, stack(0x000000276e800000,0x000000276e900000)]
  0x0000017e5cf77ce0 JavaThread "Common-Cleaner" daemon [_thread_blocked, id=13164, stack(0x000000276e900000,0x000000276ea00000)]
  0x0000017ea24169c0 JavaThread "Monitor Ctrl-Break" daemon [_thread_in_native, id=27416, stack(0x000000276eb00000,0x000000276ec00000)]
  0x0000017ea2416ea0 JavaThread "Notification Thread" daemon [_thread_blocked, id=20484, stack(0x000000276ec00000,0x000000276ed00000)]
  0x0000017ea2c568a0 JavaThread "PostgreSQL-JDBC-Cleaner" daemon [_thread_blocked, id=32988, stack(0x000000276f900000,0x000000276fa00000)]
  0x0000017ea2c577d0 JavaThread "HikariPool-1 housekeeper" daemon [_thread_blocked, id=23636, stack(0x000000276fa00000,0x000000276fb00000)]
  0x0000017ea2c59630 JavaThread "Catalina-utility-1" [_thread_blocked, id=21164, stack(0x000000276ea00000,0x000000276eb00000)]
  0x0000017ea2c572c0 JavaThread "Catalina-utility-2" [_thread_blocked, id=8992, stack(0x000000276fc00000,0x000000276fd00000)]
  0x0000017ea2c59b40 JavaThread "container-0" [_thread_blocked, id=16324, stack(0x000000276fd00000,0x000000276fe00000)]
  0x0000017ea5c8c4f0 JavaThread "File Watcher" daemon [_thread_blocked, id=1864, stack(0x000000276fe00000,0x000000276ff00000)]
  0x0000017ea5c8d930 JavaThread "Live Reload Server" daemon [_thread_in_native, id=8348, stack(0x0000002770000000,0x0000002770100000)]
  0x0000017ea5c8bfe0 JavaThread "http-nio-8080-exec-1" daemon [_thread_blocked, id=27316, stack(0x000000276ff00000,0x0000002770000000)]
  0x0000017ea5c8b5c0 JavaThread "http-nio-8080-exec-2" daemon [_thread_blocked, id=24356, stack(0x0000002770100000,0x0000002770200000)]
  0x0000017ea5c915f0 JavaThread "http-nio-8080-exec-3" daemon [_thread_blocked, id=12820, stack(0x0000002770200000,0x0000002770300000)]
  0x0000017ea5c8e350 JavaThread "http-nio-8080-exec-4" daemon [_thread_blocked, id=6084, stack(0x0000002770300000,0x0000002770400000)]
  0x0000017ea5c8de40 JavaThread "http-nio-8080-exec-5" daemon [_thread_blocked, id=21908, stack(0x0000002770400000,0x0000002770500000)]
  0x0000017ea5c8e860 JavaThread "http-nio-8080-exec-6" daemon [_thread_blocked, id=27268, stack(0x0000002770500000,0x0000002770600000)]
  0x0000017ea5c91b00 JavaThread "http-nio-8080-exec-7" daemon [_thread_blocked, id=5636, stack(0x0000002770600000,0x0000002770700000)]
  0x0000017ea5c8f790 JavaThread "http-nio-8080-exec-8" daemon [_thread_blocked, id=18092, stack(0x0000002770700000,0x0000002770800000)]
  0x0000017ea5c8d420 JavaThread "http-nio-8080-exec-9" daemon [_thread_blocked, id=17092, stack(0x0000002770800000,0x0000002770900000)]
  0x0000017ea5c8bad0 JavaThread "http-nio-8080-exec-10" daemon [_thread_blocked, id=21572, stack(0x0000002770900000,0x0000002770a00000)]
  0x0000017ea5c90bd0 JavaThread "http-nio-8080-Poller" daemon [_thread_in_native, id=20148, stack(0x0000002770a00000,0x0000002770b00000)]
  0x0000017ea5c92010 JavaThread "http-nio-8080-Acceptor" daemon [_thread_in_native, id=29784, stack(0x0000002770b00000,0x0000002770c00000)]
  0x0000017ea5c92520 JavaThread "DestroyJavaVM" [_thread_blocked, id=25484, stack(0x000000276d900000,0x000000276da00000)]
  0x0000017ea5c8f280 JavaThread "HikariPool-1 connection adder" daemon [_thread_blocked, id=14732, stack(0x000000276d700000,0x000000276d800000)]
  0x0000017ea5c901b0 JavaThread "HikariPool-1 connection closer" daemon [_thread_blocked, id=7224, stack(0x000000276d600000,0x000000276d700000)]

Other Threads:
  0x0000017e5cf888c0 VMThread "VM Thread" [stack: 0x000000276df00000,0x000000276e000000] [id=22984]
  0x0000017ea251d740 WatcherThread [stack: 0x000000276ed00000,0x000000276ee00000] [id=21748]
  0x0000017e3edfbcf0 GCTaskThread "GC Thread#0" [stack: 0x000000276da00000,0x000000276db00000] [id=9512]
  0x0000017ea2ccd730 GCTaskThread "GC Thread#1" [stack: 0x000000276f000000,0x000000276f100000] [id=12436]
  0x0000017ea2cf5410 GCTaskThread "GC Thread#2" [stack: 0x000000276f100000,0x000000276f200000] [id=13264]
  0x0000017ea2cf56d0 GCTaskThread "GC Thread#3" [stack: 0x000000276f200000,0x000000276f300000] [id=23568]
  0x0000017ea2d13040 GCTaskThread "GC Thread#4" [stack: 0x000000276f300000,0x000000276f400000] [id=23232]
  0x0000017ea2d13710 GCTaskThread "GC Thread#5" [stack: 0x000000276f400000,0x000000276f500000] [id=11628]
  0x0000017ea32d25f0 GCTaskThread "GC Thread#6" [stack: 0x000000276f600000,0x000000276f700000] [id=23244]
  0x0000017ea357cc50 GCTaskThread "GC Thread#7" [stack: 0x000000276f700000,0x000000276f800000] [id=22012]
  0x0000017e3ee0bb80 ConcurrentGCThread "G1 Main Marker" [stack: 0x000000276db00000,0x000000276dc00000] [id=26916]
  0x0000017e3cb9ce80 ConcurrentGCThread "G1 Conc#0" [stack: 0x000000276dc00000,0x000000276dd00000] [id=26876]
  0x0000017ea39d2350 ConcurrentGCThread "G1 Conc#1" [stack: 0x000000276f500000,0x000000276f600000] [id=24420]
  0x0000017e5ce308a0 ConcurrentGCThread "G1 Refine#0" [stack: 0x000000276dd00000,0x000000276de00000] [id=28968]
  0x0000017e5ce31880 ConcurrentGCThread "G1 Service" [stack: 0x000000276de00000,0x000000276df00000] [id=12520]

Threads with active compile tasks:
C2 CompilerThread0  33526000 8906   !   4       org.apache.catalina.core.ContainerBase$ContainerBackgroundProcessor::processChildren (202 bytes)

VM state: not at safepoint (normal execution)

VM Mutex/Monitor currently owned by a thread: None

Heap address: 0x0000000084400000, size: 1980 MB, Compressed Oops mode: 32-bit

CDS archive(s) mapped at: [0x0000017e5d000000-0x0000017e5dba0000-0x0000017e5dba0000), size 12189696, SharedBaseAddress: 0x0000017e5d000000, ArchiveRelocationMode: 1.
Compressed class space mapped at: 0x0000017e5e000000-0x0000017e9e000000, reserved size: 1073741824
Narrow klass base: 0x0000017e5d000000, Narrow klass shift: 0, Narrow klass range: 0x100000000

GC Precious Log:
 CPUs: 8 total, 8 available
 Memory: 7915M
 Large Page Support: Disabled
 NUMA Support: Disabled
 Compressed Oops: Enabled (32-bit)
 Heap Region Size: 1M
 Heap Min Capacity: 8M
 Heap Initial Capacity: 124M
 Heap Max Capacity: 1980M
 Pre-touch: Disabled
 Parallel Workers: 8
 Concurrent Workers: 2
 Concurrent Refinement Workers: 8
 Periodic GC: Disabled

Heap:
 garbage-first heap   total 88064K, used 52219K [0x0000000084400000, 0x0000000100000000)
  region size 1024K, 21 young (21504K), 1 survivors (1024K)
 Metaspace       used 78621K, committed 79232K, reserved 1179648K
  class space    used 10663K, committed 10944K, reserved 1048576K

Heap Regions: E=young(eden), S=young(survivor), O=old, HS=humongous(starts), HC=humongous(continues), CS=collection set, F=free, OA=open archive, CA=closed archive, TAMS=top-at-mark-start (previous, next)
|   0|0x0000000084400000, 0x0000000084500000, 0x0000000084500000|100%|HS|  |TAMS 0x0000000084500000, 0x0000000084400000| Complete 
|   1|0x0000000084500000, 0x0000000084600000, 0x0000000084600000|100%| O|  |TAMS 0x0000000084600000, 0x0000000084500000| Untracked 
|   2|0x0000000084600000, 0x0000000084700000, 0x0000000084700000|100%| O|  |TAMS 0x0000000084700000, 0x0000000084600000| Untracked 
|   3|0x0000000084700000, 0x0000000084800000, 0x0000000084800000|100%| O|  |TAMS 0x0000000084800000, 0x0000000084700000| Untracked 
|   4|0x0000000084800000, 0x0000000084900000, 0x0000000084900000|100%| O|  |TAMS 0x0000000084900000, 0x0000000084800000| Untracked 
|   5|0x0000000084900000, 0x0000000084a00000, 0x0000000084a00000|100%| O|  |TAMS 0x0000000084a00000, 0x0000000084900000| Untracked 
|   6|0x0000000084a00000, 0x0000000084b00000, 0x0000000084b00000|100%| O|  |TAMS 0x0000000084b00000, 0x0000000084a00000| Untracked 
|   7|0x0000000084b00000, 0x0000000084c00000, 0x0000000084c00000|100%| O|  |TAMS 0x0000000084c00000, 0x0000000084b00000| Untracked 
|   8|0x0000000084c00000, 0x0000000084d00000, 0x0000000084d00000|100%| O|  |TAMS 0x0000000084d00000, 0x0000000084c00000| Untracked 
|   9|0x0000000084d00000, 0x0000000084e00000, 0x0000000084e00000|100%| O|  |TAMS 0x0000000084e00000, 0x0000000084d00000| Complete 
|  10|0x0000000084e00000, 0x0000000084f00000, 0x0000000084f00000|100%| O|  |TAMS 0x0000000084f00000, 0x0000000084e00000| Untracked 
|  11|0x0000000084f00000, 0x0000000085000000, 0x0000000085000000|100%| O|  |TAMS 0x0000000085000000, 0x0000000084f00000| Untracked 
|  12|0x0000000085000000, 0x0000000085100000, 0x0000000085100000|100%| O|  |TAMS 0x0000000085100000, 0x0000000085000000| Untracked 
|  13|0x0000000085100000, 0x0000000085100000, 0x0000000085200000|  0%| F|  |TAMS 0x0000000085100000, 0x0000000085100000| Untracked 
|  14|0x0000000085200000, 0x0000000085300000, 0x0000000085300000|100%| O|  |TAMS 0x0000000085300000, 0x0000000085200000| Untracked 
|  15|0x0000000085300000, 0x0000000085400000, 0x0000000085400000|100%| O|  |TAMS 0x0000000085400000, 0x0000000085300000| Untracked 
|  16|0x0000000085400000, 0x00000000854fac00, 0x0000000085500000| 97%| O|  |TAMS 0x00000000854fac00, 0x0000000085400000| Untracked 
|  17|0x0000000085500000, 0x0000000085500000, 0x0000000085600000|  0%| F|  |TAMS 0x0000000085500000, 0x0000000085500000| Untracked 
|  18|0x0000000085600000, 0x0000000085700000, 0x0000000085700000|100%| O|  |TAMS 0x0000000085700000, 0x0000000085600000| Untracked 
|  19|0x0000000085700000, 0x0000000085800000, 0x0000000085800000|100%| O|  |TAMS 0x0000000085800000, 0x0000000085700000| Untracked 
|  20|0x0000000085800000, 0x0000000085900000, 0x0000000085900000|100%| O|  |TAMS 0x0000000085900000, 0x0000000085800000| Untracked 
|  21|0x0000000085900000, 0x0000000085a00000, 0x0000000085a00000|100%| O|  |TAMS 0x0000000085a00000, 0x0000000085900000| Untracked 
|  22|0x0000000085a00000, 0x0000000085b00000, 0x0000000085b00000|100%| O|  |TAMS 0x0000000085b00000, 0x0000000085a00000| Untracked 
|  23|0x0000000085b00000, 0x0000000085c00000, 0x0000000085c00000|100%| O|  |TAMS 0x0000000085c00000, 0x0000000085b00000| Untracked 
|  24|0x0000000085c00000, 0x0000000085d00000, 0x0000000085d00000|100%| O|  |TAMS 0x0000000085d00000, 0x0000000085c00000| Untracked 
|  25|0x0000000085d00000, 0x0000000085e00000, 0x0000000085e00000|100%| O|  |TAMS 0x0000000085e00000, 0x0000000085d00000| Untracked 
|  26|0x0000000085e00000, 0x0000000085e00000, 0x0000000085f00000|  0%| F|  |TAMS 0x0000000085e00000, 0x0000000085e00000| Untracked 
|  27|0x0000000085f00000, 0x0000000085f00000, 0x0000000086000000|  0%| F|  |TAMS 0x0000000085f00000, 0x0000000085f00000| Untracked 
|  28|0x0000000086000000, 0x0000000086000000, 0x0000000086100000|  0%| F|  |TAMS 0x0000000086000000, 0x0000000086000000| Untracked 
|  29|0x0000000086100000, 0x0000000086200000, 0x0000000086200000|100%| O|  |TAMS 0x0000000086200000, 0x0000000086100000| Untracked 
|  30|0x0000000086200000, 0x0000000086200000, 0x0000000086300000|  0%| F|  |TAMS 0x0000000086200000, 0x0000000086200000| Untracked 
|  31|0x0000000086300000, 0x0000000086300000, 0x0000000086400000|  0%| F|  |TAMS 0x0000000086300000, 0x0000000086300000| Untracked 
|  32|0x0000000086400000, 0x0000000086500000, 0x0000000086500000|100%| O|  |TAMS 0x0000000086500000, 0x0000000086400000| Untracked 
|  33|0x0000000086500000, 0x0000000086500000, 0x0000000086600000|  0%| F|  |TAMS 0x0000000086500000, 0x0000000086500000| Untracked 
|  34|0x0000000086600000, 0x0000000086600000, 0x0000000086700000|  0%| F|  |TAMS 0x0000000086600000, 0x0000000086600000| Untracked 
|  35|0x0000000086700000, 0x0000000086800000, 0x0000000086800000|100%| O|  |TAMS 0x0000000086800000, 0x0000000086700000| Untracked 
|  36|0x0000000086800000, 0x0000000086800000, 0x0000000086900000|  0%| F|  |TAMS 0x0000000086800000, 0x0000000086800000| Untracked 
|  37|0x0000000086900000, 0x0000000086a00000, 0x0000000086a00000|100%| O|  |TAMS 0x0000000086a00000, 0x0000000086900000| Untracked 
|  38|0x0000000086a00000, 0x0000000086b00000, 0x0000000086b00000|100%| O|  |TAMS 0x0000000086b00000, 0x0000000086a00000| Untracked 
|  39|0x0000000086b00000, 0x0000000086c00000, 0x0000000086c00000|100%| O|  |TAMS 0x0000000086c00000, 0x0000000086b00000| Untracked 
|  40|0x0000000086c00000, 0x0000000086d00000, 0x0000000086d00000|100%| O|  |TAMS 0x0000000086d00000, 0x0000000086c00000| Untracked 
|  41|0x0000000086d00000, 0x0000000086e00000, 0x0000000086e00000|100%| O|  |TAMS 0x0000000086e00000, 0x0000000086d00000| Untracked 
|  42|0x0000000086e00000, 0x0000000086e04340, 0x0000000086f00000|  1%| S|CS|TAMS 0x0000000086e00000, 0x0000000086e00000| Complete 
|  43|0x0000000086f00000, 0x0000000086f00000, 0x0000000087000000|  0%| F|  |TAMS 0x0000000086f00000, 0x0000000086f00000| Untracked 
|  44|0x0000000087000000, 0x0000000087000000, 0x0000000087100000|  0%| F|  |TAMS 0x0000000087000000, 0x0000000087000000| Untracked 
|  45|0x0000000087100000, 0x0000000087100000, 0x0000000087200000|  0%| F|  |TAMS 0x0000000087100000, 0x0000000087100000| Untracked 
|  46|0x0000000087200000, 0x0000000087200000, 0x0000000087300000|  0%| F|  |TAMS 0x0000000087200000, 0x0000000087200000| Untracked 
|  47|0x0000000087300000, 0x0000000087300000, 0x0000000087400000|  0%| F|  |TAMS 0x0000000087300000, 0x0000000087300000| Untracked 
|  48|0x0000000087400000, 0x0000000087400000, 0x0000000087500000|  0%| F|  |TAMS 0x0000000087400000, 0x0000000087400000| Untracked 
|  49|0x0000000087500000, 0x0000000087500000, 0x0000000087600000|  0%| F|  |TAMS 0x0000000087500000, 0x0000000087500000| Untracked 
|  50|0x0000000087600000, 0x0000000087600000, 0x0000000087700000|  0%| F|  |TAMS 0x0000000087600000, 0x0000000087600000| Untracked 
|  51|0x0000000087700000, 0x0000000087700000, 0x0000000087800000|  0%| F|  |TAMS 0x0000000087700000, 0x0000000087700000| Untracked 
|  52|0x0000000087800000, 0x0000000087800000, 0x0000000087900000|  0%| F|  |TAMS 0x0000000087800000, 0x0000000087800000| Untracked 
|  53|0x0000000087900000, 0x0000000087900000, 0x0000000087a00000|  0%| F|  |TAMS 0x0000000087900000, 0x0000000087900000| Untracked 
|  54|0x0000000087a00000, 0x0000000087a00000, 0x0000000087b00000|  0%| F|  |TAMS 0x0000000087a00000, 0x0000000087a00000| Untracked 
|  55|0x0000000087b00000, 0x0000000087b00000, 0x0000000087c00000|  0%| F|  |TAMS 0x0000000087b00000, 0x0000000087b00000| Untracked 
|  56|0x0000000087c00000, 0x0000000087c00000, 0x0000000087d00000|  0%| F|  |TAMS 0x0000000087c00000, 0x0000000087c00000| Untracked 
|  57|0x0000000087d00000, 0x0000000087d00000, 0x0000000087e00000|  0%| F|  |TAMS 0x0000000087d00000, 0x0000000087d00000| Untracked 
|  58|0x0000000087e00000, 0x0000000087e00000, 0x0000000087f00000|  0%| F|  |TAMS 0x0000000087e00000, 0x0000000087e00000| Untracked 
|  59|0x0000000087f00000, 0x0000000087f00000, 0x0000000088000000|  0%| F|  |TAMS 0x0000000087f00000, 0x0000000087f00000| Untracked 
|  60|0x0000000088000000, 0x0000000088000000, 0x0000000088100000|  0%| F|  |TAMS 0x0000000088000000, 0x0000000088000000| Untracked 
|  61|0x0000000088100000, 0x0000000088100000, 0x0000000088200000|  0%| F|  |TAMS 0x0000000088100000, 0x0000000088100000| Untracked 
|  62|0x0000000088200000, 0x0000000088200000, 0x0000000088300000|  0%| F|  |TAMS 0x0000000088200000, 0x0000000088200000| Untracked 
|  63|0x0000000088300000, 0x0000000088300000, 0x0000000088400000|  0%| F|  |TAMS 0x0000000088300000, 0x0000000088300000| Untracked 
|  64|0x0000000088400000, 0x0000000088400000, 0x0000000088500000|  0%| F|  |TAMS 0x0000000088400000, 0x0000000088400000| Untracked 
|  65|0x0000000088500000, 0x0000000088500000, 0x0000000088600000|  0%| F|  |TAMS 0x0000000088500000, 0x0000000088500000| Untracked 
|  66|0x0000000088600000, 0x00000000886af620, 0x0000000088700000| 68%| E|  |TAMS 0x0000000088600000, 0x0000000088600000| Complete 
|  67|0x0000000088700000, 0x0000000088800000, 0x0000000088800000|100%| E|CS|TAMS 0x0000000088700000, 0x0000000088700000| Complete 
|  68|0x0000000088800000, 0x0000000088900000, 0x0000000088900000|100%| E|CS|TAMS 0x0000000088800000, 0x0000000088800000| Complete 
|  69|0x0000000088900000, 0x0000000088a00000, 0x0000000088a00000|100%| E|CS|TAMS 0x0000000088900000, 0x0000000088900000| Complete 
|  70|0x0000000088a00000, 0x0000000088b00000, 0x0000000088b00000|100%| E|CS|TAMS 0x0000000088a00000, 0x0000000088a00000| Complete 
|  71|0x0000000088b00000, 0x0000000088c00000, 0x0000000088c00000|100%| E|CS|TAMS 0x0000000088b00000, 0x0000000088b00000| Complete 
|  72|0x0000000088c00000, 0x0000000088d00000, 0x0000000088d00000|100%| E|CS|TAMS 0x0000000088c00000, 0x0000000088c00000| Complete 
|  73|0x0000000088d00000, 0x0000000088e00000, 0x0000000088e00000|100%| E|CS|TAMS 0x0000000088d00000, 0x0000000088d00000| Complete 
|  74|0x0000000088e00000, 0x0000000088f00000, 0x0000000088f00000|100%| E|CS|TAMS 0x0000000088e00000, 0x0000000088e00000| Complete 
|  75|0x0000000088f00000, 0x0000000089000000, 0x0000000089000000|100%| E|CS|TAMS 0x0000000088f00000, 0x0000000088f00000| Complete 
|  76|0x0000000089000000, 0x0000000089100000, 0x0000000089100000|100%| E|CS|TAMS 0x0000000089000000, 0x0000000089000000| Complete 
|  77|0x0000000089100000, 0x0000000089200000, 0x0000000089200000|100%| E|CS|TAMS 0x0000000089100000, 0x0000000089100000| Complete 
|  78|0x0000000089200000, 0x0000000089300000, 0x0000000089300000|100%| E|CS|TAMS 0x0000000089200000, 0x0000000089200000| Complete 
|  79|0x0000000089300000, 0x0000000089400000, 0x0000000089400000|100%| E|CS|TAMS 0x0000000089300000, 0x0000000089300000| Complete 
|  80|0x0000000089400000, 0x0000000089500000, 0x0000000089500000|100%| E|CS|TAMS 0x0000000089400000, 0x0000000089400000| Complete 
|  81|0x0000000089500000, 0x0000000089600000, 0x0000000089600000|100%| E|CS|TAMS 0x0000000089500000, 0x0000000089500000| Complete 
|  82|0x0000000089600000, 0x0000000089700000, 0x0000000089700000|100%| E|CS|TAMS 0x0000000089600000, 0x0000000089600000| Complete 
|  83|0x0000000089700000, 0x0000000089800000, 0x0000000089800000|100%| E|CS|TAMS 0x0000000089700000, 0x0000000089700000| Complete 
|  84|0x0000000089800000, 0x0000000089900000, 0x0000000089900000|100%| E|CS|TAMS 0x0000000089800000, 0x0000000089800000| Complete 
| 123|0x000000008bf00000, 0x000000008c000000, 0x000000008c000000|100%| E|CS|TAMS 0x000000008bf00000, 0x000000008bf00000| Complete 

Card table byte_map: [0x0000017e55fa0000,0x0000017e56380000] _byte_map_base: 0x0000017e55b7e000

Marking Bits (Prev, Next): (CMBitMap*) 0x0000017e3cb9bb30, (CMBitMap*) 0x0000017e3cb9bb70
 Prev Bits: [0x0000017e56760000, 0x0000017e58650000)
 Next Bits: [0x0000017e58650000, 0x0000017e5a540000)

Polling page: 0x0000017e3cca0000

Metaspace:

Usage:
  Non-class:     66.36 MB used.
      Class:     10.41 MB used.
       Both:     76.78 MB used.

Virtual space:
  Non-class space:      128.00 MB reserved,      66.69 MB ( 52%) committed,  2 nodes.
      Class space:        1.00 GB reserved,      10.69 MB (  1%) committed,  1 nodes.
             Both:        1.12 GB reserved,      77.38 MB (  7%) committed. 

Chunk freelists:
   Non-Class:  13.05 MB
       Class:  5.40 MB
        Both:  18.45 MB

MaxMetaspaceSize: unlimited
CompressedClassSpaceSize: 1.00 GB
Initial GC threshold: 21.00 MB
Current GC threshold: 128.44 MB
CDS: on
MetaspaceReclaimPolicy: balanced
 - commit_granule_bytes: 65536.
 - commit_granule_words: 8192.
 - virtual_space_node_default_size: 8388608.
 - enlarge_chunks_in_place: 1.
 - new_chunks_are_fully_committed: 0.
 - uncommit_free_chunks: 1.
 - use_allocation_guard: 0.
 - handle_deallocations: 1.


Internal statistics:

num_allocs_failed_limit: 9.
num_arena_births: 940.
num_arena_deaths: 264.
num_vsnodes_births: 3.
num_vsnodes_deaths: 0.
num_space_committed: 1238.
num_space_uncommitted: 0.
num_chunks_returned_to_freelist: 311.
num_chunks_taken_from_freelist: 3975.
num_chunk_merges: 105.
num_chunk_splits: 2790.
num_chunks_enlarged: 2152.
num_inconsistent_stats: 0.

CodeHeap 'non-profiled nmethods': size=120000Kb used=5324Kb max_used=5324Kb free=114675Kb
 bounds [0x0000017e4e360000, 0x0000017e4e8a0000, 0x0000017e55890000]
CodeHeap 'profiled nmethods': size=120000Kb used=15429Kb max_used=15429Kb free=104570Kb
 bounds [0x0000017e46890000, 0x0000017e477b0000, 0x0000017e4ddc0000]
CodeHeap 'non-nmethods': size=5760Kb used=1369Kb max_used=1426Kb free=4390Kb
 bounds [0x0000017e4ddc0000, 0x0000017e4e030000, 0x0000017e4e360000]
 total_blobs=8839 nmethods=8147 adapters=603
 compilation: enabled
              stopped_count=0, restarted_count=0
 full_count=0

Compilation events (20 events):
Event: 33507.910 Thread 0x0000017e5cfaffc0 nmethod 8896 0x0000017e4779e390 code [0x0000017e4779e520, 0x0000017e4779e668]
Event: 33508.400 Thread 0x0000017e5cfaffc0 8897       3       java.util.concurrent.FutureTask::finishCompletion (71 bytes)
Event: 33508.403 Thread 0x0000017e5cfaffc0 nmethod 8897 0x0000017e4779e710 code [0x0000017e4779e900, 0x0000017e4779f058]
Event: 33508.963 Thread 0x0000017e5cfaffc0 8898       3       java.io.Writer::<init> (22 bytes)
Event: 33508.964 Thread 0x0000017e5cfaffc0 nmethod 8898 0x0000017e4779f290 code [0x0000017e4779f440, 0x0000017e4779f708]
Event: 33509.694 Thread 0x0000017e5cfaffc0 8899       3       java.lang.StringBuilder::append (8 bytes)
Event: 33509.694 Thread 0x0000017e5cfaffc0 nmethod 8899 0x0000017e4779f810 code [0x0000017e4779f9a0, 0x0000017e4779fae8]
Event: 33513.564 Thread 0x0000017e5cfaffc0 8900       1       java.net.URI::getHost (5 bytes)
Event: 33513.565 Thread 0x0000017e5cfaffc0 nmethod 8900 0x0000017e4e891910 code [0x0000017e4e891aa0, 0x0000017e4e891b78]
Event: 33515.910 Thread 0x0000017e5cfabfe0 8901   !   4       org.apache.catalina.core.ContainerBase::getRealmInternal (38 bytes)
Event: 33515.937 Thread 0x0000017e5cfabfe0 nmethod 8901 0x0000017e4e891c10 code [0x0000017e4e891e40, 0x0000017e4e8928b0]
Event: 33518.582 Thread 0x0000017e5cfaffc0 8902       3       java.util.HashMap$KeySet::forEach (119 bytes)
Event: 33518.583 Thread 0x0000017e5cfaffc0 nmethod 8902 0x0000017e4779fb90 code [0x0000017e4779fd80, 0x0000017e477a03a8]
Event: 33518.583 Thread 0x0000017e5cfaffc0 8903       3       java.lang.StringBuilder::toString (35 bytes)
Event: 33518.584 Thread 0x0000017e5cfaffc0 nmethod 8903 0x0000017e477a0610 code [0x0000017e477a07e0, 0x0000017e477a0ab8]
Event: 33523.617 Thread 0x0000017e5cfaffc0 8904       3       java.lang.StringLatin1$CharsSpliterator::forEachRemaining (72 bytes)
Event: 33523.618 Thread 0x0000017e5cfaffc0 nmethod 8904 0x0000017e477a0b90 code [0x0000017e477a0d60, 0x0000017e477a11f8]
Event: 33524.111 Thread 0x0000017e5cfaffc0 8905       3       org.postgresql.util.LazyCleaner$Node::access$102 (7 bytes)
Event: 33524.112 Thread 0x0000017e5cfaffc0 nmethod 8905 0x0000017e477a1390 code [0x0000017e477a1520, 0x0000017e477a1658]
Event: 33525.913 Thread 0x0000017e5cfabfe0 8906   !   4       org.apache.catalina.core.ContainerBase$ContainerBackgroundProcessor::processChildren (202 bytes)

GC Heap History (20 events):
Event: 26830.833 GC heap before
{Heap before GC invocations=77 (full 0):
 garbage-first heap   total 88064K, used 75284K [0x0000000084400000, 0x0000000100000000)
  region size 1024K, 42 young (43008K), 1 survivors (1024K)
 Metaspace       used 78193K, committed 78912K, reserved 1179648K
  class space    used 10629K, committed 10944K, reserved 1048576K
}
Event: 26830.838 GC heap after
{Heap after GC invocations=78 (full 0):
 garbage-first heap   total 88064K, used 33836K [0x0000000084400000, 0x0000000100000000)
  region size 1024K, 1 young (1024K), 1 survivors (1024K)
 Metaspace       used 78193K, committed 78912K, reserved 1179648K
  class space    used 10629K, committed 10944K, reserved 1048576K
}
Event: 27363.152 GC heap before
{Heap before GC invocations=79 (full 0):
 garbage-first heap   total 88064K, used 75820K [0x0000000084400000, 0x0000000100000000)
  region size 1024K, 42 young (43008K), 1 survivors (1024K)
 Metaspace       used 78190K, committed 78912K, reserved 1179648K
  class space    used 10628K, committed 10944K, reserved 1048576K
}
Event: 27363.156 GC heap after
{Heap after GC invocations=80 (full 0):
 garbage-first heap   total 88064K, used 33873K [0x0000000084400000, 0x0000000100000000)
  region size 1024K, 1 young (1024K), 1 survivors (1024K)
 Metaspace       used 78190K, committed 78912K, reserved 1179648K
  class space    used 10628K, committed 10944K, reserved 1048576K
}
Event: 27402.491 GC heap before
{Heap before GC invocations=80 (full 0):
 garbage-first heap   total 88064K, used 36945K [0x0000000084400000, 0x0000000100000000)
  region size 1024K, 4 young (4096K), 1 survivors (1024K)
 Metaspace       used 78190K, committed 78912K, reserved 1179648K
  class space    used 10628K, committed 10944K, reserved 1048576K
}
Event: 27402.504 GC heap after
{Heap after GC invocations=81 (full 0):
 garbage-first heap   total 88064K, used 33344K [0x0000000084400000, 0x0000000100000000)
  region size 1024K, 1 young (1024K), 1 survivors (1024K)
 Metaspace       used 78190K, committed 78912K, reserved 1179648K
  class space    used 10628K, committed 10944K, reserved 1048576K
}
Event: 27935.234 GC heap before
{Heap before GC invocations=81 (full 0):
 garbage-first heap   total 88064K, used 75328K [0x0000000084400000, 0x0000000100000000)
  region size 1024K, 42 young (43008K), 1 survivors (1024K)
 Metaspace       used 78190K, committed 78912K, reserved 1179648K
  class space    used 10628K, committed 10944K, reserved 1048576K
}
Event: 27935.237 GC heap after
{Heap after GC invocations=82 (full 0):
 garbage-first heap   total 88064K, used 33311K [0x0000000084400000, 0x0000000100000000)
  region size 1024K, 1 young (1024K), 1 survivors (1024K)
 Metaspace       used 78190K, committed 78912K, reserved 1179648K
  class space    used 10628K, committed 10944K, reserved 1048576K
}
Event: 28461.984 GC heap before
{Heap before GC invocations=83 (full 0):
 garbage-first heap   total 88064K, used 75295K [0x0000000084400000, 0x0000000100000000)
  region size 1024K, 42 young (43008K), 1 survivors (1024K)
 Metaspace       used 78198K, committed 78912K, reserved 1179648K
  class space    used 10628K, committed 10944K, reserved 1048576K
}
Event: 28461.988 GC heap after
{Heap after GC invocations=84 (full 0):
 garbage-first heap   total 88064K, used 33449K [0x0000000084400000, 0x0000000100000000)
  region size 1024K, 1 young (1024K), 1 survivors (1024K)
 Metaspace       used 78198K, committed 78912K, reserved 1179648K
  class space    used 10628K, committed 10944K, reserved 1048576K
}
Event: 28480.766 GC heap before
{Heap before GC invocations=84 (full 0):
 garbage-first heap   total 88064K, used 36521K [0x0000000084400000, 0x0000000100000000)
  region size 1024K, 4 young (4096K), 1 survivors (1024K)
 Metaspace       used 78211K, committed 78976K, reserved 1179648K
  class space    used 10628K, committed 10944K, reserved 1048576K
}
Event: 28480.794 GC heap after
{Heap after GC invocations=85 (full 0):
 garbage-first heap   total 88064K, used 33177K [0x0000000084400000, 0x0000000100000000)
  region size 1024K, 1 young (1024K), 1 survivors (1024K)
 Metaspace       used 78211K, committed 78976K, reserved 1179648K
  class space    used 10628K, committed 10944K, reserved 1048576K
}
Event: 32219.927 GC heap before
{Heap before GC invocations=85 (full 0):
 garbage-first heap   total 88064K, used 76185K [0x0000000084400000, 0x0000000100000000)
  region size 1024K, 43 young (44032K), 1 survivors (1024K)
 Metaspace       used 78238K, committed 78976K, reserved 1179648K
  class space    used 10629K, committed 10944K, reserved 1048576K
}
Event: 32219.949 GC heap after
{Heap after GC invocations=86 (full 0):
 garbage-first heap   total 88064K, used 33348K [0x0000000084400000, 0x0000000100000000)
  region size 1024K, 1 young (1024K), 1 survivors (1024K)
 Metaspace       used 78238K, committed 78976K, reserved 1179648K
  class space    used 10629K, committed 10944K, reserved 1048576K
}
Event: 32764.880 GC heap before
{Heap before GC invocations=87 (full 0):
 garbage-first heap   total 88064K, used 76356K [0x0000000084400000, 0x0000000100000000)
  region size 1024K, 43 young (44032K), 1 survivors (1024K)
 Metaspace       used 78238K, committed 78976K, reserved 1179648K
  class space    used 10629K, committed 10944K, reserved 1048576K
}
Event: 32764.886 GC heap after
{Heap after GC invocations=88 (full 0):
 garbage-first heap   total 88064K, used 33348K [0x0000000084400000, 0x0000000100000000)
  region size 1024K, 1 young (1024K), 1 survivors (1024K)
 Metaspace       used 78238K, committed 78976K, reserved 1179648K
  class space    used 10629K, committed 10944K, reserved 1048576K
}
Event: 32804.129 GC heap before
{Heap before GC invocations=88 (full 0):
 garbage-first heap   total 88064K, used 36420K [0x0000000084400000, 0x0000000100000000)
  region size 1024K, 4 young (4096K), 1 survivors (1024K)
 Metaspace       used 78238K, committed 78976K, reserved 1179648K
  class space    used 10629K, committed 10944K, reserved 1048576K
}
Event: 32804.136 GC heap after
{Heap after GC invocations=89 (full 0):
 garbage-first heap   total 88064K, used 32796K [0x0000000084400000, 0x0000000100000000)
  region size 1024K, 1 young (1024K), 1 survivors (1024K)
 Metaspace       used 78238K, committed 78976K, reserved 1179648K
  class space    used 10629K, committed 10944K, reserved 1048576K
}
Event: 33354.959 GC heap before
{Heap before GC invocations=89 (full 0):
 garbage-first heap   total 88064K, used 75804K [0x0000000084400000, 0x0000000100000000)
  region size 1024K, 43 young (44032K), 1 survivors (1024K)
 Metaspace       used 78238K, committed 78976K, reserved 1179648K
  class space    used 10629K, committed 10944K, reserved 1048576K
}
Event: 33354.991 GC heap after
{Heap after GC invocations=90 (full 0):
 garbage-first heap   total 88064K, used 32763K [0x0000000084400000, 0x0000000100000000)
  region size 1024K, 1 young (1024K), 1 survivors (1024K)
 Metaspace       used 78238K, committed 78976K, reserved 1179648K
  class space    used 10629K, committed 10944K, reserved 1048576K
}

Dll operation events (13 events):
Event: 0.023 Loaded shared library C:\Users\jonat\.jdks\corretto-17.0.9\bin\java.dll
Event: 0.055 Loaded shared library C:\Users\jonat\.jdks\corretto-17.0.9\bin\jsvml.dll
Event: 0.214 Loaded shared library C:\Users\jonat\.jdks\corretto-17.0.9\bin\zip.dll
Event: 0.223 Loaded shared library C:\Users\jonat\.jdks\corretto-17.0.9\bin\instrument.dll
Event: 0.241 Loaded shared library C:\Users\jonat\.jdks\corretto-17.0.9\bin\net.dll
Event: 0.245 Loaded shared library C:\Users\jonat\.jdks\corretto-17.0.9\bin\nio.dll
Event: 0.250 Loaded shared library C:\Users\jonat\.jdks\corretto-17.0.9\bin\zip.dll
Event: 0.516 Loaded shared library C:\Program Files\JetBrains\IntelliJ IDEA Community Edition 2023.2.4\bin\breakgen64.dll
Event: 0.597 Loaded shared library C:\Users\jonat\.jdks\corretto-17.0.9\bin\jimage.dll
Event: 1.038 Loaded shared library C:\Users\jonat\.jdks\corretto-17.0.9\bin\management.dll
Event: 1.041 Loaded shared library C:\Users\jonat\.jdks\corretto-17.0.9\bin\management_ext.dll
Event: 3.016 Loaded shared library C:\Users\jonat\.jdks\corretto-17.0.9\bin\sunmscapi.dll
Event: 8.198 Loaded shared library C:\Users\jonat\.jdks\corretto-17.0.9\bin\verify.dll

Deoptimization events (20 events):
Event: 33474.987 Thread 0x0000017ea5c8e350 Uncommon trap: trap_request=0xffffffc6 fr.pc=0x0000017e4e866268 relative=0x00000000000028c8
Event: 33474.987 Thread 0x0000017ea5c8e350 Uncommon trap: reason=bimorphic_or_optimized_type_check action=maybe_recompile pc=0x0000017e4e866268 method=java.util.TreeMap.compare(Ljava/lang/Object;Ljava/lang/Object;)I @ 26 c2
Event: 33474.987 Thread 0x0000017ea5c8e350 DEOPT PACKING pc=0x0000017e4e866268 sp=0x00000027703fc7b0
Event: 33474.989 Thread 0x0000017ea5c8e350 DEOPT UNPACKING pc=0x0000017e4de1a1a3 sp=0x00000027703fc608 mode 2
Event: 33475.137 Thread 0x0000017ea5c8e350 Uncommon trap: trap_request=0xfffffff4 fr.pc=0x0000017e4e571eac relative=0x00000000000005ec
Event: 33475.137 Thread 0x0000017ea5c8e350 Uncommon trap: reason=null_check action=make_not_entrant pc=0x0000017e4e571eac method=java.lang.Class.reflectionData()Ljava/lang/Class$ReflectionData; @ 18 c2
Event: 33475.137 Thread 0x0000017ea5c8e350 DEOPT PACKING pc=0x0000017e4e571eac sp=0x00000027703fb0b0
Event: 33475.137 Thread 0x0000017ea5c8e350 DEOPT UNPACKING pc=0x0000017e4de1a1a3 sp=0x00000027703faff8 mode 2
Event: 33508.322 Thread 0x0000017ea5c8f280 Uncommon trap: trap_request=0xffffff45 fr.pc=0x0000017e4e45e52c relative=0x000000000000040c
Event: 33508.322 Thread 0x0000017ea5c8f280 Uncommon trap: reason=unstable_if action=reinterpret pc=0x0000017e4e45e52c method=java.lang.StringUTF16.compress([CII)[B @ 13 c2
Event: 33508.322 Thread 0x0000017ea5c8f280 DEOPT PACKING pc=0x0000017e4e45e52c sp=0x000000276d7feaa0
Event: 33508.323 Thread 0x0000017ea5c8f280 DEOPT UNPACKING pc=0x0000017e4de1a1a3 sp=0x000000276d7fe988 mode 2
Event: 33508.323 Thread 0x0000017ea5c8f280 Uncommon trap: trap_request=0xffffff45 fr.pc=0x0000017e4e610b6c relative=0x000000000000052c
Event: 33508.323 Thread 0x0000017ea5c8f280 Uncommon trap: reason=unstable_if action=reinterpret pc=0x0000017e4e610b6c method=java.lang.AbstractStringBuilder.putStringAt(ILjava/lang/String;II)V @ 8 c2
Event: 33508.323 Thread 0x0000017ea5c8f280 DEOPT PACKING pc=0x0000017e4e610b6c sp=0x000000276d7feaa0
Event: 33508.323 Thread 0x0000017ea5c8f280 DEOPT UNPACKING pc=0x0000017e4de1a1a3 sp=0x000000276d7fe938 mode 2
Event: 33508.323 Thread 0x0000017ea5c8f280 Uncommon trap: trap_request=0xffffff45 fr.pc=0x0000017e4e3b2cbc relative=0x000000000000041c
Event: 33508.323 Thread 0x0000017ea5c8f280 Uncommon trap: reason=unstable_if action=reinterpret pc=0x0000017e4e3b2cbc method=java.lang.AbstractStringBuilder.isLatin1()Z @ 10 c2
Event: 33508.323 Thread 0x0000017ea5c8f280 DEOPT PACKING pc=0x0000017e4e3b2cbc sp=0x000000276d7feac0
Event: 33508.323 Thread 0x0000017ea5c8f280 DEOPT UNPACKING pc=0x0000017e4de1a1a3 sp=0x000000276d7fea40 mode 2

Classes unloaded (20 events):
Event: 2657.435 Thread 0x0000017e5cf888c0 Unloading class 0x0000017e5e039000 'java/lang/invoke/LambdaForm$MH+0x0000017e5e039000'
Event: 2657.435 Thread 0x0000017e5cf888c0 Unloading class 0x0000017e5e038c00 'java/lang/invoke/LambdaForm$MH+0x0000017e5e038c00'
Event: 2657.435 Thread 0x0000017e5cf888c0 Unloading class 0x0000017e5e038800 'java/lang/invoke/LambdaForm$MH+0x0000017e5e038800'
Event: 2657.435 Thread 0x0000017e5cf888c0 Unloading class 0x0000017e5e038400 'java/lang/invoke/LambdaForm$MH+0x0000017e5e038400'
Event: 2657.435 Thread 0x0000017e5cf888c0 Unloading class 0x0000017e5e038000 'java/lang/invoke/LambdaForm$MH+0x0000017e5e038000'
Event: 2657.435 Thread 0x0000017e5cf888c0 Unloading class 0x0000017e5e018c00 'java/lang/invoke/LambdaForm$MH+0x0000017e5e018c00'
Event: 2657.436 Thread 0x0000017e5cf888c0 Unloading class 0x0000017e5e018800 'java/lang/invoke/LambdaForm$MH+0x0000017e5e018800'
Event: 2657.437 Thread 0x0000017e5cf888c0 Unloading class 0x0000017e5e018000 'java/lang/invoke/LambdaForm$MH+0x0000017e5e018000'
Event: 2657.437 Thread 0x0000017e5cf888c0 Unloading class 0x0000017e5e013c00 'java/lang/invoke/LambdaForm$MH+0x0000017e5e013c00'
Event: 2657.437 Thread 0x0000017e5cf888c0 Unloading class 0x0000017e5e012c00 'java/lang/invoke/LambdaForm$MH+0x0000017e5e012c00'
Event: 2657.437 Thread 0x0000017e5cf888c0 Unloading class 0x0000017e5e012400 'java/lang/invoke/LambdaForm$MH+0x0000017e5e012400'
Event: 2657.437 Thread 0x0000017e5cf888c0 Unloading class 0x0000017e5e012000 'java/lang/invoke/LambdaForm$MH+0x0000017e5e012000'
Event: 2657.437 Thread 0x0000017e5cf888c0 Unloading class 0x0000017e5e011c00 'java/lang/invoke/LambdaForm$MH+0x0000017e5e011c00'
Event: 2657.437 Thread 0x0000017e5cf888c0 Unloading class 0x0000017e5e011800 'java/lang/invoke/LambdaForm$MH+0x0000017e5e011800'
Event: 2657.438 Thread 0x0000017e5cf888c0 Unloading class 0x0000017e5e011400 'java/lang/invoke/LambdaForm$MH+0x0000017e5e011400'
Event: 2657.438 Thread 0x0000017e5cf888c0 Unloading class 0x0000017e5e010c00 'java/lang/invoke/LambdaForm$MH+0x0000017e5e010c00'
Event: 2657.438 Thread 0x0000017e5cf888c0 Unloading class 0x0000017e5e010400 'java/lang/invoke/LambdaForm$MH+0x0000017e5e010400'
Event: 5714.901 Thread 0x0000017e5cf888c0 Unloading class 0x0000017e5eaa1400 'jdk/internal/reflect/GeneratedMethodAccessor28'
Event: 26830.874 Thread 0x0000017e5cf888c0 Unloading class 0x0000017e5e8dc000 'jdk/internal/reflect/GeneratedConstructorAccessor34'
Event: 33355.160 Thread 0x0000017e5cf888c0 Unloading class 0x0000017e5e8dc000 'jdk/internal/reflect/GeneratedConstructorAccessor51'

Classes redefined (0 events):
No events

Internal exceptions (20 events):
Event: 5392.827 Thread 0x0000017ea2c572c0 Implicit null exception at 0x0000017e4e84b715 to 0x0000017e4e84b9a8
Event: 5393.820 Thread 0x0000017ea2c572c0 Implicit null exception at 0x0000017e4e84c013 to 0x0000017e4e84c28c
Event: 28453.375 Thread 0x0000017ea5c901b0 Implicit null exception at 0x0000017e4e541aef to 0x0000017e4e541e64
Event: 28453.401 Thread 0x0000017ea5c901b0 Implicit null exception at 0x0000017e4e516838 to 0x0000017e4e516eb0
Event: 33474.846 Thread 0x0000017ea5c8e350 Implicit null exception at 0x0000017e4e633b61 to 0x0000017e4e639344
Event: 33475.136 Thread 0x0000017ea5c8e350 Implicit null exception at 0x0000017e4e571916 to 0x0000017e4e571e8c
Event: 33507.620 Thread 0x0000017ea5c8f280 Exception <a 'sun/net/ConnectionResetException'{0x0000000088826fd0}: Connection reset> (0x0000000088826fd0) 
thrown [s\src\hotspot\share\prims\jni.cpp, line 535]
Event: 33507.829 Thread 0x0000017ea5c8f280 Exception <a 'sun/net/ConnectionResetException'{0x0000000088861968}: Connection reset> (0x0000000088861968) 
thrown [s\src\hotspot\share\prims\jni.cpp, line 535]
Event: 33507.903 Thread 0x0000017ea5c8f280 Exception <a 'sun/net/ConnectionResetException'{0x0000000088874f78}: Connection reset> (0x0000000088874f78) 
thrown [s\src\hotspot\share\prims\jni.cpp, line 535]
Event: 33508.404 Thread 0x0000017ea5c8ca00 Exception <a 'java/io/IOException'{0x0000000088a47cd0}: Connection reset by peer> (0x0000000088a47cd0) 
thrown [s\src\hotspot\share\prims\jni.cpp, line 535]
Event: 33509.045 Thread 0x0000017ea5c8f280 Exception <a 'sun/net/ConnectionResetException'{0x0000000088891888}: Connection reset> (0x0000000088891888) 
thrown [s\src\hotspot\share\prims\jni.cpp, line 535]
Event: 33509.702 Thread 0x0000017ea5c8f280 Exception <a 'java/io/IOException'{0x000000008889a250}> (0x000000008889a250) 
thrown [s\src\hotspot\share\prims\jni.cpp, line 516]
Event: 33510.994 Thread 0x0000017ea5c8f280 Exception <a 'sun/net/ConnectionResetException'{0x00000000888ad860}: Connection reset> (0x00000000888ad860) 
thrown [s\src\hotspot\share\prims\jni.cpp, line 535]
Event: 33513.577 Thread 0x0000017ea5c8f280 Exception <a 'sun/net/ConnectionResetException'{0x000000008870b088}: Connection reset> (0x000000008870b088) 
thrown [s\src\hotspot\share\prims\jni.cpp, line 535]
Event: 33514.269 Thread 0x0000017ea5c8cf10 Exception <a 'java/io/IOException'{0x00000000887b0368}: Connection reset by peer> (0x00000000887b0368) 
thrown [s\src\hotspot\share\prims\jni.cpp, line 535]
Event: 33518.585 Thread 0x0000017ea5c8f280 Exception <a 'java/net/ConnectException'{0x000000008870d410}: Connection refused: no further information> (0x000000008870d410) 
thrown [s\src\hotspot\share\prims\jni.cpp, line 535]
Event: 33518.585 Thread 0x0000017ea5c8f280 Exception <a 'java/net/SocketException'{0x000000008870d748}: Socket is not connected: shutdown> (0x000000008870d748) 
thrown [s\src\hotspot\share\prims\jni.cpp, line 535]
Event: 33523.626 Thread 0x0000017ea5c8f280 Exception <a 'java/net/ConnectException'{0x00000000887105d8}: Connection refused: no further information> (0x00000000887105d8) 
thrown [s\src\hotspot\share\prims\jni.cpp, line 535]
Event: 33523.626 Thread 0x0000017ea5c8f280 Exception <a 'java/net/SocketException'{0x0000000088710910}: Socket is not connected: shutdown> (0x0000000088710910) 
thrown [s\src\hotspot\share\prims\jni.cpp, line 535]
Event: 33524.112 Thread 0x0000017ea5c901b0 Exception <a 'java/io/IOException'{0x0000000088680c38}: Connection reset by peer> (0x0000000088680c38) 
thrown [s\src\hotspot\share\prims\jni.cpp, line 535]

VM Operations (20 events):
Event: 33475.178 Executing VM operation: Cleanup
Event: 33475.179 Executing VM operation: Cleanup done
Event: 33476.190 Executing VM operation: Cleanup
Event: 33476.190 Executing VM operation: Cleanup done
Event: 33476.314 Executing VM operation: HandshakeAllThreads
Event: 33476.315 Executing VM operation: HandshakeAllThreads done
Event: 33483.393 Executing VM operation: Cleanup
Event: 33483.393 Executing VM operation: Cleanup done
Event: 33486.423 Executing VM operation: Cleanup
Event: 33486.423 Executing VM operation: Cleanup done
Event: 33494.509 Executing VM operation: Cleanup
Event: 33494.509 Executing VM operation: Cleanup done
Event: 33507.640 Executing VM operation: Cleanup
Event: 33507.640 Executing VM operation: Cleanup done
Event: 33508.651 Executing VM operation: Cleanup
Event: 33508.651 Executing VM operation: Cleanup done
Event: 33510.662 Executing VM operation: Cleanup
Event: 33510.662 Executing VM operation: Cleanup done
Event: 33523.749 Executing VM operation: Cleanup
Event: 33523.749 Executing VM operation: Cleanup done

Events (20 events):
Event: 33475.084 loading class java/util/stream/ReferencePipeline$4$1
Event: 33475.087 loading class java/util/stream/ReferencePipeline$4$1 done
Event: 33492.451 Thread 0x0000017ea5c8ca00 Thread added: 0x0000017ea5c8ca00
Event: 33492.453 Thread 0x0000017ea5c8f280 Thread added: 0x0000017ea5c8f280
Event: 33497.487 Thread 0x0000017ea5c8ca00 Thread exited: 0x0000017ea5c8ca00
Event: 33497.753 Thread 0x0000017ea5c8f280 Thread exited: 0x0000017ea5c8f280
Event: 33498.747 Thread 0x0000017ea5c8ca00 Thread added: 0x0000017ea5c8ca00
Event: 33498.747 Thread 0x0000017ea5c8f280 Thread added: 0x0000017ea5c8f280
Event: 33507.618 loading class sun/net/ConnectionResetException
Event: 33507.620 loading class sun/net/ConnectionResetException done
Event: 33507.670 loading class java/util/ResourceBundle$Control$1
Event: 33507.670 loading class java/util/ResourceBundle$Control$1 done
Event: 33513.420 Thread 0x0000017ea5c8ca00 Thread exited: 0x0000017ea5c8ca00
Event: 33514.268 Thread 0x0000017ea5c8cf10 Thread added: 0x0000017ea5c8cf10
Event: 33518.585 loading class sun/net/util/SocketExceptions
Event: 33518.587 loading class sun/net/util/SocketExceptions done
Event: 33518.591 loading class java/text/MessageFormat$Field
Event: 33518.592 loading class java/text/MessageFormat$Field done
Event: 33519.284 Thread 0x0000017ea5c8cf10 Thread exited: 0x0000017ea5c8cf10
Event: 33524.110 Thread 0x0000017ea5c901b0 Thread added: 0x0000017ea5c901b0


Dynamic libraries:
0x00007ff67dc60000 - 0x00007ff67dc6e000 	C:\Users\jonat\.jdks\corretto-17.0.9\bin\java.exe
0x00007ffd7cad0000 - 0x00007ffd7cce7000 	C:\WINDOWS\SYSTEM32\ntdll.dll
0x00007ffd7b160000 - 0x00007ffd7b224000 	C:\WINDOWS\System32\KERNEL32.DLL
0x00007ffd7a1e0000 - 0x00007ffd7a58d000 	C:\WINDOWS\System32\KERNELBASE.dll
0x00007ffd7a660000 - 0x00007ffd7a771000 	C:\WINDOWS\System32\ucrtbase.dll
0x00007ffd6dc10000 - 0x00007ffd6dc2b000 	C:\Users\jonat\.jdks\corretto-17.0.9\bin\VCRUNTIME140.dll
0x00007ffd71c10000 - 0x00007ffd71c27000 	C:\Users\jonat\.jdks\corretto-17.0.9\bin\jli.dll
0x00007ffd7b9a0000 - 0x00007ffd7bb4e000 	C:\WINDOWS\System32\USER32.dll
0x00007ffd79df0000 - 0x00007ffd79e16000 	C:\WINDOWS\System32\win32u.dll
0x00007ffd6cd30000 - 0x00007ffd6cfc3000 	C:\WINDOWS\WinSxS\amd64_microsoft.windows.common-controls_6595b64144ccf1df_6.0.22621.3672_none_2713b9d173822955\COMCTL32.dll
0x00007ffd7aef0000 - 0x00007ffd7af97000 	C:\WINDOWS\System32\msvcrt.dll
0x00007ffd7ae40000 - 0x00007ffd7ae69000 	C:\WINDOWS\System32\GDI32.dll
0x00007ffd79e20000 - 0x00007ffd79f39000 	C:\WINDOWS\System32\gdi32full.dll
0x00007ffd7a590000 - 0x00007ffd7a62a000 	C:\WINDOWS\System32\msvcp_win.dll
0x00007ffd7b110000 - 0x00007ffd7b141000 	C:\WINDOWS\System32\IMM32.DLL
0x00007ffd6fa50000 - 0x00007ffd6fa5c000 	C:\Users\jonat\.jdks\corretto-17.0.9\bin\vcruntime140_1.dll
0x00007ffd2e2c0000 - 0x00007ffd2e34d000 	C:\Users\jonat\.jdks\corretto-17.0.9\bin\msvcp140.dll
0x00007ffcd03e0000 - 0x00007ffcd1041000 	C:\Users\jonat\.jdks\corretto-17.0.9\bin\server\jvm.dll
0x00007ffd7c7b0000 - 0x00007ffd7c862000 	C:\WINDOWS\System32\ADVAPI32.dll
0x00007ffd7ac90000 - 0x00007ffd7ad39000 	C:\WINDOWS\System32\sechost.dll
0x00007ffd7a630000 - 0x00007ffd7a658000 	C:\WINDOWS\System32\bcrypt.dll
0x00007ffd7b880000 - 0x00007ffd7b994000 	C:\WINDOWS\System32\RPCRT4.dll
0x00007ffd5d5a0000 - 0x00007ffd5d5a9000 	C:\WINDOWS\SYSTEM32\WSOCK32.dll
0x00007ffd79640000 - 0x00007ffd7968d000 	C:\WINDOWS\SYSTEM32\POWRPROF.dll
0x00007ffd7ae70000 - 0x00007ffd7aee1000 	C:\WINDOWS\System32\WS2_32.dll
0x00007ffd72d40000 - 0x00007ffd72d74000 	C:\WINDOWS\SYSTEM32\WINMM.dll
0x00007ffd6e850000 - 0x00007ffd6e85a000 	C:\WINDOWS\SYSTEM32\VERSION.dll
0x00007ffd79620000 - 0x00007ffd79633000 	C:\WINDOWS\SYSTEM32\UMPDC.dll
0x00007ffd78df0000 - 0x00007ffd78e08000 	C:\WINDOWS\SYSTEM32\kernel.appcore.dll
0x00007ffd6dc00000 - 0x00007ffd6dc0a000 	C:\Users\jonat\.jdks\corretto-17.0.9\bin\jimage.dll
0x00007ffd776c0000 - 0x00007ffd778f2000 	C:\WINDOWS\SYSTEM32\DBGHELP.DLL
0x00007ffd7a880000 - 0x00007ffd7ac0d000 	C:\WINDOWS\System32\combase.dll
0x00007ffd7c6d0000 - 0x00007ffd7c7a7000 	C:\WINDOWS\System32\OLEAUT32.dll
0x00007ffd6fb10000 - 0x00007ffd6fb42000 	C:\WINDOWS\SYSTEM32\dbgcore.DLL
0x00007ffd7a780000 - 0x00007ffd7a7fb000 	C:\WINDOWS\System32\bcryptPrimitives.dll
0x00007ffd6c990000 - 0x00007ffd6c99e000 	C:\Users\jonat\.jdks\corretto-17.0.9\bin\instrument.dll
0x00007ffd64fe0000 - 0x00007ffd65005000 	C:\Users\jonat\.jdks\corretto-17.0.9\bin\java.dll
0x00007ffcf2ed0000 - 0x00007ffcf2fa7000 	C:\Users\jonat\.jdks\corretto-17.0.9\bin\jsvml.dll
0x00007ffd7bd00000 - 0x00007ffd7c568000 	C:\WINDOWS\System32\SHELL32.dll
0x00007ffd77cf0000 - 0x00007ffd785ee000 	C:\WINDOWS\SYSTEM32\windows.storage.dll
0x00007ffd77bb0000 - 0x00007ffd77cef000 	C:\WINDOWS\SYSTEM32\wintypes.dll
0x00007ffd7ad40000 - 0x00007ffd7ae39000 	C:\WINDOWS\System32\SHCORE.dll
0x00007ffd7c870000 - 0x00007ffd7c8ce000 	C:\WINDOWS\System32\shlwapi.dll
0x00007ffd79d20000 - 0x00007ffd79d41000 	C:\WINDOWS\SYSTEM32\profapi.dll
0x00007ffd602f0000 - 0x00007ffd60308000 	C:\Users\jonat\.jdks\corretto-17.0.9\bin\zip.dll
0x00007ffd65a60000 - 0x00007ffd65a79000 	C:\Users\jonat\.jdks\corretto-17.0.9\bin\net.dll
0x00007ffd76400000 - 0x00007ffd76536000 	C:\WINDOWS\SYSTEM32\WINHTTP.dll
0x00007ffd792e0000 - 0x00007ffd79349000 	C:\WINDOWS\system32\mswsock.dll
0x00007ffd64f80000 - 0x00007ffd64f96000 	C:\Users\jonat\.jdks\corretto-17.0.9\bin\nio.dll
0x00007ffd60320000 - 0x00007ffd6033a000 	C:\Program Files\JetBrains\IntelliJ IDEA Community Edition 2023.2.4\bin\breakgen64.dll
0x00007ffd65080000 - 0x00007ffd65089000 	C:\Users\jonat\.jdks\corretto-17.0.9\bin\management.dll
0x00007ffd64fd0000 - 0x00007ffd64fdb000 	C:\Users\jonat\.jdks\corretto-17.0.9\bin\management_ext.dll
0x00007ffd7ac70000 - 0x00007ffd7ac78000 	C:\WINDOWS\System32\PSAPI.DLL
0x00007ffd64b70000 - 0x00007ffd64b7e000 	C:\Users\jonat\.jdks\corretto-17.0.9\bin\sunmscapi.dll
0x00007ffd79f40000 - 0x00007ffd7a0a7000 	C:\WINDOWS\System32\CRYPT32.dll
0x00007ffd79780000 - 0x00007ffd797ae000 	C:\WINDOWS\SYSTEM32\ncrypt.dll
0x00007ffd79740000 - 0x00007ffd79777000 	C:\WINDOWS\SYSTEM32\NTASN1.dll
0x00007ffd79560000 - 0x00007ffd7957b000 	C:\WINDOWS\SYSTEM32\CRYPTSP.dll
0x00007ffd78d50000 - 0x00007ffd78d85000 	C:\WINDOWS\system32\rsaenh.dll
0x00007ffd79400000 - 0x00007ffd79428000 	C:\WINDOWS\SYSTEM32\USERENV.dll
0x00007ffd795e0000 - 0x00007ffd795ec000 	C:\WINDOWS\SYSTEM32\CRYPTBASE.dll
0x00007ffd78890000 - 0x00007ffd788bd000 	C:\WINDOWS\SYSTEM32\IPHLPAPI.DLL
0x00007ffd7b150000 - 0x00007ffd7b159000 	C:\WINDOWS\System32\NSI.dll
0x00007ffd739a0000 - 0x00007ffd739b9000 	C:\WINDOWS\SYSTEM32\dhcpcsvc6.DLL
0x00007ffd73980000 - 0x00007ffd7399f000 	C:\WINDOWS\SYSTEM32\dhcpcsvc.DLL
0x00007ffd788c0000 - 0x00007ffd789b8000 	C:\WINDOWS\SYSTEM32\DNSAPI.dll
0x00007ffd72b70000 - 0x00007ffd72b7a000 	C:\Windows\System32\rasadhlp.dll
0x00007ffd72c70000 - 0x00007ffd72cf3000 	C:\WINDOWS\System32\fwpuclnt.dll
0x00007ffd6c9a0000 - 0x00007ffd6c9b0000 	C:\Users\jonat\.jdks\corretto-17.0.9\bin\verify.dll
0x00007ffd534d0000 - 0x00007ffd534d8000 	C:\WINDOWS\system32\wshunix.dll

dbghelp: loaded successfully - version: 4.0.5 - missing functions: none
symbol engine: initialized successfully - sym options: 0x614 - pdb path: .;C:\Users\jonat\.jdks\corretto-17.0.9\bin;C:\WINDOWS\SYSTEM32;C:\WINDOWS\WinSxS\amd64_microsoft.windows.common-controls_6595b64144ccf1df_6.0.22621.3672_none_2713b9d173822955;C:\Users\jonat\.jdks\corretto-17.0.9\bin\server;C:\Program Files\JetBrains\IntelliJ IDEA Community Edition 2023.2.4\bin

VM Arguments:
jvm_args: -javaagent:C:\Program Files\JetBrains\IntelliJ IDEA Community Edition 2023.2.4\lib\idea_rt.jar=62321:C:\Program Files\JetBrains\IntelliJ IDEA Community Edition 2023.2.4\bin -Dfile.encoding=UTF-8 
java_command: br.edu.fema.tccacademia.TccAcademiaApplication
java_class_path (initial): C:\Users\jonat\Desktop\Gym-managment\Backend-gymmanagment\target\classes;C:\Users\jonat\.m2\repository\org\springframework\boot\spring-boot-starter-web\3.2.3\spring-boot-starter-web-3.2.3.jar;C:\Users\jonat\.m2\repository\org\springframework\boot\spring-boot-starter\3.2.3\spring-boot-starter-3.2.3.jar;C:\Users\jonat\.m2\repository\org\springframework\boot\spring-boot-starter-logging\3.2.3\spring-boot-starter-logging-3.2.3.jar;C:\Users\jonat\.m2\repository\ch\qos\logback\logback-classic\1.4.14\logback-classic-1.4.14.jar;C:\Users\jonat\.m2\repository\ch\qos\logback\logback-core\1.4.14\logback-core-1.4.14.jar;C:\Users\jonat\.m2\repository\org\apache\logging\log4j\log4j-to-slf4j\2.21.1\log4j-to-slf4j-2.21.1.jar;C:\Users\jonat\.m2\repository\org\apache\logging\log4j\log4j-api\2.21.1\log4j-api-2.21.1.jar;C:\Users\jonat\.m2\repository\org\slf4j\jul-to-slf4j\2.0.12\jul-to-slf4j-2.0.12.jar;C:\Users\jonat\.m2\repository\jakarta\annotation\jakarta.annotation-api\2.1.1\jakarta.annotation-api-2.1.1.jar;C:\Users\jonat\.m2\repository\org\yaml\snakeyaml\2.2\snakeyaml-2.2.jar;C:\Users\jonat\.m2\repository\org\springframework\boot\spring-boot-starter-json\3.2.3\spring-boot-starter-json-3.2.3.jar;C:\Users\jonat\.m2\repository\com\fasterxml\jackson\datatype\jackson-datatype-jdk8\2.15.4\jackson-datatype-jdk8-2.15.4.jar;C:\Users\jonat\.m2\repository\com\fasterxml\jackson\datatype\jackson-datatype-jsr310\2.15.4\jackson-datatype-jsr310-2.15.4.jar;C:\Users\jonat\.m2\repository\com\fasterxml\jackson\module\jackson-module-parameter-names\2.15.4\jackson-module-parameter-names-2.15.4.jar;C:\Users\jonat\.m2\repository\org\springframework\boot\spring-boot-starter-tomcat\3.2.3\spring-boot-starter-tomcat-3.2.3.jar;C:\Users\jonat\.m2\repository\org\apache\tomcat\embed\tomcat-embed-core\10.1.19\tomcat-embed-core-10.1.19.jar;C:\Users\jonat\.m2\repository\org\apache\tomcat\embed\tomcat-embed-websocket\10.1.19\tomcat-embed-websocket-10.1.19.jar;C:\Users\jonat\.m2\repository\
Launcher Type: SUN_STANDARD

[Global flags]
     intx CICompilerCount                          = 4                                         {product} {ergonomic}
     uint ConcGCThreads                            = 2                                         {product} {ergonomic}
     uint G1ConcRefinementThreads                  = 8                                         {product} {ergonomic}
   size_t G1HeapRegionSize                         = 1048576                                   {product} {ergonomic}
    uintx GCDrainStackTargetSize                   = 64                                        {product} {ergonomic}
   size_t InitialHeapSize                          = 130023424                                 {product} {ergonomic}
   size_t MarkStackSize                            = 4194304                                   {product} {ergonomic}
   size_t MaxHeapSize                              = 2076180480                                {product} {ergonomic}
   size_t MaxNewSize                               = 1245708288                                {product} {ergonomic}
   size_t MinHeapDeltaBytes                        = 1048576                                   {product} {ergonomic}
   size_t MinHeapSize                              = 8388608                                   {product} {ergonomic}
    uintx NonNMethodCodeHeapSize                   = 5839372                                {pd product} {ergonomic}
    uintx NonProfiledCodeHeapSize                  = 122909434                              {pd product} {ergonomic}
    uintx ProfiledCodeHeapSize                     = 122909434                              {pd product} {ergonomic}
    uintx ReservedCodeCacheSize                    = 251658240                              {pd product} {ergonomic}
     bool SegmentedCodeCache                       = true                                      {product} {ergonomic}
   size_t SoftMaxHeapSize                          = 2076180480                             {manageable} {ergonomic}
     bool UseCompressedClassPointers               = true                           {product lp64_product} {ergonomic}
     bool UseCompressedOops                        = true                           {product lp64_product} {ergonomic}
     bool UseG1GC                                  = true                                      {product} {ergonomic}
     bool UseLargePagesIndividualAllocation        = false                                  {pd product} {ergonomic}

Logging:
Log output configuration:
 #0: stdout all=warning uptime,level,tags
 #1: stderr all=off uptime,level,tags

Environment Variables:
JAVA_HOME=C:\dev-movel\jdk-11.0.2
PATH=C:\Program Files (x86)\Common Files\Oracle\Java\javapath;C:\Program Files\Java\jdk-17.0.2\bin;C:\WINDOWS\system32;C:\WINDOWS;C:\WINDOWS\System32\Wbem;C:\WINDOWS\System32\WindowsPowerShell\v1.0\;C:\WINDOWS\System32\OpenSSH\;C:\Program Files\Git\cmd;C:\Program Files\nodejs\;C:\Program Files (x86)\Microsoft SQL Server\160\Tools\Binn\;C:\Program Files\Microsoft SQL Server\160\Tools\Binn\;C:\Program Files\Microsoft SQL Server\Client SDK\ODBC\170\Tools\Binn\;C:\Program Files\Microsoft SQL Server\160\DTS\Binn\;C:\Program Files\Microsoft SQL Server\150\Tools\Binn\;C:\Program Files (x86)\Microsoft SQL Server\160\DTS\Binn\;C:\Program Files\Azure Data Studio\bin;C:\dev-movel\flutter\bin;C:\dev-movel\dart-sdk\bin;C:\dev-movel\jdk-11.0.2\bin;C:\Program Files\dotnet\;C:\Program Files\MySQL\MySQL Shell 8.0\bin\;C:\Users\jonat\AppData\Local\Microsoft\WindowsApps;C:\Program Files\JetBrains\IntelliJ IDEA Community Edition 2023.2.4\bin;;C:\Users\jonat\AppData\Roaming\npm;C:\Users\jonat\AppData\Local\Programs\Microsoft VS Code\bin;C:\Program Files\Azure Data Studio\bin;C:\Program Files\MySQL\MySQL Server 8.0\bin;C:\Users\jonat\.dotnet\tools;C:\Users\jonat\AppData\Local\JetBrains\CLion 2024.1.1\bin;
USERNAME=jonat
OS=Windows_NT
PROCESSOR_IDENTIFIER=Intel64 Family 6 Model 140 Stepping 1, GenuineIntel
TMP=C:\Users\jonat\AppData\Local\Temp
TEMP=C:\Users\jonat\AppData\Local\Temp



Periodic native trim disabled


---------------  S Y S T E M  ---------------

OS:
 Windows 11 , 64 bit Build 22621 (10.0.22621.3958)
OS uptime: 36 days 7:21 hours
Hyper-V role detected

CPU: total 8 (initial active 8) (4 cores per cpu, 2 threads per core) family 6 model 140 stepping 1 microcode 0x8a, cx8, cmov, fxsr, ht, mmx, 3dnowpref, sse, sse2, sse3, ssse3, sse4.1, sse4.2, popcnt, lzcnt, tsc, tscinvbit, avx, avx2, aes, erms, clmul, bmi1, bmi2, adx, avx512f, avx512dq, avx512cd, avx512bw, avx512vl, sha, fma, vzeroupper, avx512_vpopcntdq, avx512_vpclmulqdq, avx512_vaes, avx512_vnni, clflush, clflushopt, clwb, avx512_vbmi2, avx512_vbmi, hv
Processor Information for all 8 processors :
  Max Mhz: 2419, Current Mhz: 2419, Mhz Limit: 2419

Memory: 4k page, system-wide physical 7915M (576M free)
TotalPageFile size 21424M (AvailPageFile size 0M)
current process WorkingSet (physical memory assigned to process): 117M, peak: 272M
current process commit charge ("private bytes"): 310M, peak: 330M

vm_info: OpenJDK 64-Bit Server VM (17.0.9+8-LTS) for windows-amd64 JRE (17.0.9+8-LTS), built on Oct 12 2023 16:15:33 by "Administrator" with MS VC++ 16.10 / 16.11 (VS2019)

END.
